<?xml version="1.0" encoding="UTF-8"?>
<!-- Generated by org.testng.reporters.JUnitReportReporter -->
<testsuite skipped="0" hostname="CybertekSchools-iMac.local" name="RestAPI.Testing.RestAPITesting" tests="2" failures="0" timestamp="23 Aug 2018 02:14:41 GMT" time="1.797" errors="0">
  <testcase name="simpleDeleteTest" time="0.502" classname="RestAPI.Testing.RestAPITesting"/>
  <testcase name="printBody" time="1.295" classname="RestAPI.Testing.RestAPITesting"/>
</testsuite> <!-- RestAPI.Testing.RestAPITesting -->
