<?xml version="1.0" encoding="UTF-8"?>
<!-- Generated by org.testng.reporters.JUnitReportReporter -->
<testsuite skipped="0" hostname="Bayrams-MacBook-Pro.local" name="RestAPI.Testing.users.ContributorTest" tests="1" failures="0" timestamp="02 Sep 2018 02:29:00 GMT" time="3.013" errors="0">
  <testcase name="adminUser_ShouldBeAbleTo_PublishThePendingPosts" time="3.013" classname="RestAPI.Testing.users.ContributorTest"/>
</testsuite> <!-- RestAPI.Testing.users.ContributorTest -->
